<?xml version="1.0" encoding="UTF-8"?>
<testsuite xmlns:xsi="http://www.w3.org/2001/XMLSchema-instance" xsi:noNamespaceSchemaLocation="https://maven.apache.org/surefire/maven-surefire-plugin/xsd/surefire-test-report.xsd" name="com.minio.console.ConsoleApplicationTests" time="2.252" tests="1" errors="0" skipped="0" failures="0">
  <properties>
    <property name="sun.desktop" value="windows"/>
    <property name="awt.toolkit" value="sun.awt.windows.WToolkit"/>
    <property name="file.encoding.pkg" value="sun.io"/>
    <property name="java.specification.version" value="1.8"/>
    <property name="sun.cpu.isalist" value="amd64"/>
    <property name="sun.jnu.encoding" value="GBK"/>
    <property name="java.class.path" value="D:\sort\java\code\minio\target\test-classes;D:\sort\java\code\minio\target\classes;D:\sort\java\development\maven\Repository\org\springframework\boot\spring-boot-starter-web\2.5.15\spring-boot-starter-web-2.5.15.jar;D:\sort\java\development\maven\Repository\org\springframework\boot\spring-boot-starter\2.5.15\spring-boot-starter-2.5.15.jar;D:\sort\java\development\maven\Repository\org\springframework\boot\spring-boot\2.5.15\spring-boot-2.5.15.jar;D:\sort\java\development\maven\Repository\org\springframework\boot\spring-boot-starter-logging\2.5.15\spring-boot-starter-logging-2.5.15.jar;D:\sort\java\development\maven\Repository\ch\qos\logback\logback-classic\1.2.12\logback-classic-1.2.12.jar;D:\sort\java\development\maven\Repository\ch\qos\logback\logback-core\1.2.12\logback-core-1.2.12.jar;D:\sort\java\development\maven\Repository\org\apache\logging\log4j\log4j-to-slf4j\2.17.2\log4j-to-slf4j-2.17.2.jar;D:\sort\java\development\maven\Repository\org\apache\logging\log4j\log4j-api\2.17.2\log4j-api-2.17.2.jar;D:\sort\java\development\maven\Repository\org\slf4j\jul-to-slf4j\1.7.36\jul-to-slf4j-1.7.36.jar;D:\sort\java\development\maven\Repository\jakarta\annotation\jakarta.annotation-api\1.3.5\jakarta.annotation-api-1.3.5.jar;D:\sort\java\development\maven\Repository\org\yaml\snakeyaml\1.28\snakeyaml-1.28.jar;D:\sort\java\development\maven\Repository\org\springframework\boot\spring-boot-starter-json\2.5.15\spring-boot-starter-json-2.5.15.jar;D:\sort\java\development\maven\Repository\com\fasterxml\jackson\datatype\jackson-datatype-jdk8\2.12.7\jackson-datatype-jdk8-2.12.7.jar;D:\sort\java\development\maven\Repository\com\fasterxml\jackson\datatype\jackson-datatype-jsr310\2.12.7\jackson-datatype-jsr310-2.12.7.jar;D:\sort\java\development\maven\Repository\com\fasterxml\jackson\module\jackson-module-parameter-names\2.12.7\jackson-module-parameter-names-2.12.7.jar;D:\sort\java\development\maven\Repository\org\springframework\boot\spring-boot-starter-tomcat\2.5.15\spring-boot-starter-tomcat-2.5.15.jar;D:\sort\java\development\maven\Repository\org\apache\tomcat\embed\tomcat-embed-core\9.0.75\tomcat-embed-core-9.0.75.jar;D:\sort\java\development\maven\Repository\org\apache\tomcat\embed\tomcat-embed-el\9.0.75\tomcat-embed-el-9.0.75.jar;D:\sort\java\development\maven\Repository\org\apache\tomcat\embed\tomcat-embed-websocket\9.0.75\tomcat-embed-websocket-9.0.75.jar;D:\sort\java\development\maven\Repository\org\springframework\spring-web\5.3.27\spring-web-5.3.27.jar;D:\sort\java\development\maven\Repository\org\springframework\spring-beans\5.3.27\spring-beans-5.3.27.jar;D:\sort\java\development\maven\Repository\org\springframework\spring-webmvc\5.3.27\spring-webmvc-5.3.27.jar;D:\sort\java\development\maven\Repository\org\springframework\spring-aop\5.3.27\spring-aop-5.3.27.jar;D:\sort\java\development\maven\Repository\org\springframework\spring-context\5.3.27\spring-context-5.3.27.jar;D:\sort\java\development\maven\Repository\org\springframework\spring-expression\5.3.27\spring-expression-5.3.27.jar;D:\sort\java\development\maven\Repository\io\minio\minio\8.5.6\minio-8.5.6.jar;D:\sort\java\development\maven\Repository\com\carrotsearch\thirdparty\simple-xml-safe\2.7.1\simple-xml-safe-2.7.1.jar;D:\sort\java\development\maven\Repository\com\google\guava\guava\32.0.1-jre\guava-32.0.1-jre.jar;D:\sort\java\development\maven\Repository\com\google\guava\failureaccess\1.0.1\failureaccess-1.0.1.jar;D:\sort\java\development\maven\Repository\com\google\guava\listenablefuture\9999.0-empty-to-avoid-conflict-with-guava\listenablefuture-9999.0-empty-to-avoid-conflict-with-guava.jar;D:\sort\java\development\maven\Repository\com\google\code\findbugs\jsr305\3.0.2\jsr305-3.0.2.jar;D:\sort\java\development\maven\Repository\org\checkerframework\checker-qual\3.33.0\checker-qual-3.33.0.jar;D:\sort\java\development\maven\Repository\com\google\errorprone\error_prone_annotations\2.18.0\error_prone_annotations-2.18.0.jar;D:\sort\java\development\maven\Repository\com\google\j2objc\j2objc-annotations\2.8\j2objc-annotations-2.8.jar;D:\sort\java\development\maven\Repository\com\fasterxml\jackson\core\jackson-annotations\2.12.7\jackson-annotations-2.12.7.jar;D:\sort\java\development\maven\Repository\com\fasterxml\jackson\core\jackson-core\2.12.7\jackson-core-2.12.7.jar;D:\sort\java\development\maven\Repository\com\fasterxml\jackson\core\jackson-databind\2.12.7.1\jackson-databind-2.12.7.1.jar;D:\sort\java\development\maven\Repository\org\bouncycastle\bcprov-jdk18on\1.74\bcprov-jdk18on-1.74.jar;D:\sort\java\development\maven\Repository\org\apache\commons\commons-compress\1.24.0\commons-compress-1.24.0.jar;D:\sort\java\development\maven\Repository\org\xerial\snappy\snappy-java\1.1.10.1\snappy-java-1.1.10.1.jar;D:\sort\java\development\maven\Repository\cn\hutool\hutool-all\5.7.16\hutool-all-5.7.16.jar;D:\sort\java\development\maven\Repository\org\projectlombok\lombok\1.18.26\lombok-1.18.26.jar;D:\sort\java\development\maven\Repository\com\baomidou\mybatis-plus-boot-starter\3.5.7\mybatis-plus-boot-starter-3.5.7.jar;D:\sort\java\development\maven\Repository\com\baomidou\mybatis-plus\3.5.7\mybatis-plus-3.5.7.jar;D:\sort\java\development\maven\Repository\com\baomidou\mybatis-plus-core\3.5.7\mybatis-plus-core-3.5.7.jar;D:\sort\java\development\maven\Repository\com\baomidou\mybatis-plus-annotation\3.5.7\mybatis-plus-annotation-3.5.7.jar;D:\sort\java\development\maven\Repository\com\baomidou\mybatis-plus-extension\3.5.7\mybatis-plus-extension-3.5.7.jar;D:\sort\java\development\maven\Repository\org\mybatis\mybatis\3.5.16\mybatis-3.5.16.jar;D:\sort\java\development\maven\Repository\com\github\jsqlparser\jsqlparser\4.9\jsqlparser-4.9.jar;D:\sort\java\development\maven\Repository\org\mybatis\mybatis-spring\2.1.2\mybatis-spring-2.1.2.jar;D:\sort\java\development\maven\Repository\com\baomidou\mybatis-plus-spring-boot-autoconfigure\3.5.7\mybatis-plus-spring-boot-autoconfigure-3.5.7.jar;D:\sort\java\development\maven\Repository\org\springframework\boot\spring-boot-autoconfigure\2.5.15\spring-boot-autoconfigure-2.5.15.jar;D:\sort\java\development\maven\Repository\org\springframework\boot\spring-boot-starter-jdbc\2.5.15\spring-boot-starter-jdbc-2.5.15.jar;D:\sort\java\development\maven\Repository\com\zaxxer\HikariCP\4.0.3\HikariCP-4.0.3.jar;D:\sort\java\development\maven\Repository\org\springframework\spring-jdbc\5.3.27\spring-jdbc-5.3.27.jar;D:\sort\java\development\maven\Repository\org\springframework\spring-tx\5.3.27\spring-tx-5.3.27.jar;D:\sort\java\development\maven\Repository\com\mysql\mysql-connector-j\8.0.33\mysql-connector-j-8.0.33.jar;D:\sort\java\development\maven\Repository\org\springframework\boot\spring-boot-starter-test\2.5.15\spring-boot-starter-test-2.5.15.jar;D:\sort\java\development\maven\Repository\org\springframework\boot\spring-boot-test\2.5.15\spring-boot-test-2.5.15.jar;D:\sort\java\development\maven\Repository\org\springframework\boot\spring-boot-test-autoconfigure\2.5.15\spring-boot-test-autoconfigure-2.5.15.jar;D:\sort\java\development\maven\Repository\com\jayway\jsonpath\json-path\2.5.0\json-path-2.5.0.jar;D:\sort\java\development\maven\Repository\net\minidev\json-smart\2.4.10\json-smart-2.4.10.jar;D:\sort\java\development\maven\Repository\net\minidev\accessors-smart\2.4.9\accessors-smart-2.4.9.jar;D:\sort\java\development\maven\Repository\org\ow2\asm\asm\9.3\asm-9.3.jar;D:\sort\java\development\maven\Repository\org\slf4j\slf4j-api\1.7.36\slf4j-api-1.7.36.jar;D:\sort\java\development\maven\Repository\jakarta\xml\bind\jakarta.xml.bind-api\2.3.3\jakarta.xml.bind-api-2.3.3.jar;D:\sort\java\development\maven\Repository\jakarta\activation\jakarta.activation-api\1.2.2\jakarta.activation-api-1.2.2.jar;D:\sort\java\development\maven\Repository\org\assertj\assertj-core\3.19.0\assertj-core-3.19.0.jar;D:\sort\java\development\maven\Repository\org\hamcrest\hamcrest\2.2\hamcrest-2.2.jar;D:\sort\java\development\maven\Repository\org\junit\jupiter\junit-jupiter\5.7.2\junit-jupiter-5.7.2.jar;D:\sort\java\development\maven\Repository\org\junit\jupiter\junit-jupiter-api\5.7.2\junit-jupiter-api-5.7.2.jar;D:\sort\java\development\maven\Repository\org\apiguardian\apiguardian-api\1.1.0\apiguardian-api-1.1.0.jar;D:\sort\java\development\maven\Repository\org\opentest4j\opentest4j\1.2.0\opentest4j-1.2.0.jar;D:\sort\java\development\maven\Repository\org\junit\platform\junit-platform-commons\1.7.2\junit-platform-commons-1.7.2.jar;D:\sort\java\development\maven\Repository\org\junit\jupiter\junit-jupiter-params\5.7.2\junit-jupiter-params-5.7.2.jar;D:\sort\java\development\maven\Repository\org\junit\jupiter\junit-jupiter-engine\5.7.2\junit-jupiter-engine-5.7.2.jar;D:\sort\java\development\maven\Repository\org\junit\platform\junit-platform-engine\1.7.2\junit-platform-engine-1.7.2.jar;D:\sort\java\development\maven\Repository\org\mockito\mockito-core\3.9.0\mockito-core-3.9.0.jar;D:\sort\java\development\maven\Repository\net\bytebuddy\byte-buddy\1.10.22\byte-buddy-1.10.22.jar;D:\sort\java\development\maven\Repository\net\bytebuddy\byte-buddy-agent\1.10.22\byte-buddy-agent-1.10.22.jar;D:\sort\java\development\maven\Repository\org\objenesis\objenesis\3.2\objenesis-3.2.jar;D:\sort\java\development\maven\Repository\org\mockito\mockito-junit-jupiter\3.9.0\mockito-junit-jupiter-3.9.0.jar;D:\sort\java\development\maven\Repository\org\skyscreamer\jsonassert\1.5.1\jsonassert-1.5.1.jar;D:\sort\java\development\maven\Repository\com\vaadin\external\google\android-json\0.0.20131108.vaadin1\android-json-0.0.20131108.vaadin1.jar;D:\sort\java\development\maven\Repository\org\springframework\spring-core\5.3.27\spring-core-5.3.27.jar;D:\sort\java\development\maven\Repository\org\springframework\spring-jcl\5.3.27\spring-jcl-5.3.27.jar;D:\sort\java\development\maven\Repository\org\springframework\spring-test\5.3.27\spring-test-5.3.27.jar;D:\sort\java\development\maven\Repository\org\xmlunit\xmlunit-core\2.8.4\xmlunit-core-2.8.4.jar;D:\sort\java\development\maven\Repository\com\squareup\okhttp3\okhttp\4.9.0\okhttp-4.9.0.jar;D:\sort\java\development\maven\Repository\com\squareup\okio\okio\2.8.0\okio-2.8.0.jar;D:\sort\java\development\maven\Repository\org\jetbrains\kotlin\kotlin-stdlib-common\1.5.32\kotlin-stdlib-common-1.5.32.jar;D:\sort\java\development\maven\Repository\org\jetbrains\kotlin\kotlin-stdlib\1.5.32\kotlin-stdlib-1.5.32.jar;D:\sort\java\development\maven\Repository\org\jetbrains\annotations\13.0\annotations-13.0.jar;"/>
    <property name="java.vm.vendor" value="Oracle Corporation"/>
    <property name="sun.arch.data.model" value="64"/>
    <property name="user.variant" value=""/>
    <property name="java.vendor.url" value="http://java.oracle.com/"/>
    <property name="user.timezone" value="Asia/Shanghai"/>
    <property name="java.vm.specification.version" value="1.8"/>
    <property name="os.name" value="Windows 10"/>
    <property name="user.country" value="CN"/>
    <property name="sun.java.launcher" value="SUN_STANDARD"/>
    <property name="sun.boot.library.path" value="D:\sort\java\development\jdk\jre\bin"/>
    <property name="sun.java.command" value="C:\Users\19659\AppData\Local\Temp\surefire8676714610611364307\surefirebooter234542270208087295.jar C:\Users\19659\AppData\Local\Temp\surefire8676714610611364307 2025-01-22T21-59-12_315-jvmRun1 surefire4688095371906303401tmp surefire_0287346753279031660tmp"/>
    <property name="surefire.test.class.path" value="D:\sort\java\code\minio\target\test-classes;D:\sort\java\code\minio\target\classes;D:\sort\java\development\maven\Repository\org\springframework\boot\spring-boot-starter-web\2.5.15\spring-boot-starter-web-2.5.15.jar;D:\sort\java\development\maven\Repository\org\springframework\boot\spring-boot-starter\2.5.15\spring-boot-starter-2.5.15.jar;D:\sort\java\development\maven\Repository\org\springframework\boot\spring-boot\2.5.15\spring-boot-2.5.15.jar;D:\sort\java\development\maven\Repository\org\springframework\boot\spring-boot-starter-logging\2.5.15\spring-boot-starter-logging-2.5.15.jar;D:\sort\java\development\maven\Repository\ch\qos\logback\logback-classic\1.2.12\logback-classic-1.2.12.jar;D:\sort\java\development\maven\Repository\ch\qos\logback\logback-core\1.2.12\logback-core-1.2.12.jar;D:\sort\java\development\maven\Repository\org\apache\logging\log4j\log4j-to-slf4j\2.17.2\log4j-to-slf4j-2.17.2.jar;D:\sort\java\development\maven\Repository\org\apache\logging\log4j\log4j-api\2.17.2\log4j-api-2.17.2.jar;D:\sort\java\development\maven\Repository\org\slf4j\jul-to-slf4j\1.7.36\jul-to-slf4j-1.7.36.jar;D:\sort\java\development\maven\Repository\jakarta\annotation\jakarta.annotation-api\1.3.5\jakarta.annotation-api-1.3.5.jar;D:\sort\java\development\maven\Repository\org\yaml\snakeyaml\1.28\snakeyaml-1.28.jar;D:\sort\java\development\maven\Repository\org\springframework\boot\spring-boot-starter-json\2.5.15\spring-boot-starter-json-2.5.15.jar;D:\sort\java\development\maven\Repository\com\fasterxml\jackson\datatype\jackson-datatype-jdk8\2.12.7\jackson-datatype-jdk8-2.12.7.jar;D:\sort\java\development\maven\Repository\com\fasterxml\jackson\datatype\jackson-datatype-jsr310\2.12.7\jackson-datatype-jsr310-2.12.7.jar;D:\sort\java\development\maven\Repository\com\fasterxml\jackson\module\jackson-module-parameter-names\2.12.7\jackson-module-parameter-names-2.12.7.jar;D:\sort\java\development\maven\Repository\org\springframework\boot\spring-boot-starter-tomcat\2.5.15\spring-boot-starter-tomcat-2.5.15.jar;D:\sort\java\development\maven\Repository\org\apache\tomcat\embed\tomcat-embed-core\9.0.75\tomcat-embed-core-9.0.75.jar;D:\sort\java\development\maven\Repository\org\apache\tomcat\embed\tomcat-embed-el\9.0.75\tomcat-embed-el-9.0.75.jar;D:\sort\java\development\maven\Repository\org\apache\tomcat\embed\tomcat-embed-websocket\9.0.75\tomcat-embed-websocket-9.0.75.jar;D:\sort\java\development\maven\Repository\org\springframework\spring-web\5.3.27\spring-web-5.3.27.jar;D:\sort\java\development\maven\Repository\org\springframework\spring-beans\5.3.27\spring-beans-5.3.27.jar;D:\sort\java\development\maven\Repository\org\springframework\spring-webmvc\5.3.27\spring-webmvc-5.3.27.jar;D:\sort\java\development\maven\Repository\org\springframework\spring-aop\5.3.27\spring-aop-5.3.27.jar;D:\sort\java\development\maven\Repository\org\springframework\spring-context\5.3.27\spring-context-5.3.27.jar;D:\sort\java\development\maven\Repository\org\springframework\spring-expression\5.3.27\spring-expression-5.3.27.jar;D:\sort\java\development\maven\Repository\io\minio\minio\8.5.6\minio-8.5.6.jar;D:\sort\java\development\maven\Repository\com\carrotsearch\thirdparty\simple-xml-safe\2.7.1\simple-xml-safe-2.7.1.jar;D:\sort\java\development\maven\Repository\com\google\guava\guava\32.0.1-jre\guava-32.0.1-jre.jar;D:\sort\java\development\maven\Repository\com\google\guava\failureaccess\1.0.1\failureaccess-1.0.1.jar;D:\sort\java\development\maven\Repository\com\google\guava\listenablefuture\9999.0-empty-to-avoid-conflict-with-guava\listenablefuture-9999.0-empty-to-avoid-conflict-with-guava.jar;D:\sort\java\development\maven\Repository\com\google\code\findbugs\jsr305\3.0.2\jsr305-3.0.2.jar;D:\sort\java\development\maven\Repository\org\checkerframework\checker-qual\3.33.0\checker-qual-3.33.0.jar;D:\sort\java\development\maven\Repository\com\google\errorprone\error_prone_annotations\2.18.0\error_prone_annotations-2.18.0.jar;D:\sort\java\development\maven\Repository\com\google\j2objc\j2objc-annotations\2.8\j2objc-annotations-2.8.jar;D:\sort\java\development\maven\Repository\com\fasterxml\jackson\core\jackson-annotations\2.12.7\jackson-annotations-2.12.7.jar;D:\sort\java\development\maven\Repository\com\fasterxml\jackson\core\jackson-core\2.12.7\jackson-core-2.12.7.jar;D:\sort\java\development\maven\Repository\com\fasterxml\jackson\core\jackson-databind\2.12.7.1\jackson-databind-2.12.7.1.jar;D:\sort\java\development\maven\Repository\org\bouncycastle\bcprov-jdk18on\1.74\bcprov-jdk18on-1.74.jar;D:\sort\java\development\maven\Repository\org\apache\commons\commons-compress\1.24.0\commons-compress-1.24.0.jar;D:\sort\java\development\maven\Repository\org\xerial\snappy\snappy-java\1.1.10.1\snappy-java-1.1.10.1.jar;D:\sort\java\development\maven\Repository\cn\hutool\hutool-all\5.7.16\hutool-all-5.7.16.jar;D:\sort\java\development\maven\Repository\org\projectlombok\lombok\1.18.26\lombok-1.18.26.jar;D:\sort\java\development\maven\Repository\com\baomidou\mybatis-plus-boot-starter\3.5.7\mybatis-plus-boot-starter-3.5.7.jar;D:\sort\java\development\maven\Repository\com\baomidou\mybatis-plus\3.5.7\mybatis-plus-3.5.7.jar;D:\sort\java\development\maven\Repository\com\baomidou\mybatis-plus-core\3.5.7\mybatis-plus-core-3.5.7.jar;D:\sort\java\development\maven\Repository\com\baomidou\mybatis-plus-annotation\3.5.7\mybatis-plus-annotation-3.5.7.jar;D:\sort\java\development\maven\Repository\com\baomidou\mybatis-plus-extension\3.5.7\mybatis-plus-extension-3.5.7.jar;D:\sort\java\development\maven\Repository\org\mybatis\mybatis\3.5.16\mybatis-3.5.16.jar;D:\sort\java\development\maven\Repository\com\github\jsqlparser\jsqlparser\4.9\jsqlparser-4.9.jar;D:\sort\java\development\maven\Repository\org\mybatis\mybatis-spring\2.1.2\mybatis-spring-2.1.2.jar;D:\sort\java\development\maven\Repository\com\baomidou\mybatis-plus-spring-boot-autoconfigure\3.5.7\mybatis-plus-spring-boot-autoconfigure-3.5.7.jar;D:\sort\java\development\maven\Repository\org\springframework\boot\spring-boot-autoconfigure\2.5.15\spring-boot-autoconfigure-2.5.15.jar;D:\sort\java\development\maven\Repository\org\springframework\boot\spring-boot-starter-jdbc\2.5.15\spring-boot-starter-jdbc-2.5.15.jar;D:\sort\java\development\maven\Repository\com\zaxxer\HikariCP\4.0.3\HikariCP-4.0.3.jar;D:\sort\java\development\maven\Repository\org\springframework\spring-jdbc\5.3.27\spring-jdbc-5.3.27.jar;D:\sort\java\development\maven\Repository\org\springframework\spring-tx\5.3.27\spring-tx-5.3.27.jar;D:\sort\java\development\maven\Repository\com\mysql\mysql-connector-j\8.0.33\mysql-connector-j-8.0.33.jar;D:\sort\java\development\maven\Repository\org\springframework\boot\spring-boot-starter-test\2.5.15\spring-boot-starter-test-2.5.15.jar;D:\sort\java\development\maven\Repository\org\springframework\boot\spring-boot-test\2.5.15\spring-boot-test-2.5.15.jar;D:\sort\java\development\maven\Repository\org\springframework\boot\spring-boot-test-autoconfigure\2.5.15\spring-boot-test-autoconfigure-2.5.15.jar;D:\sort\java\development\maven\Repository\com\jayway\jsonpath\json-path\2.5.0\json-path-2.5.0.jar;D:\sort\java\development\maven\Repository\net\minidev\json-smart\2.4.10\json-smart-2.4.10.jar;D:\sort\java\development\maven\Repository\net\minidev\accessors-smart\2.4.9\accessors-smart-2.4.9.jar;D:\sort\java\development\maven\Repository\org\ow2\asm\asm\9.3\asm-9.3.jar;D:\sort\java\development\maven\Repository\org\slf4j\slf4j-api\1.7.36\slf4j-api-1.7.36.jar;D:\sort\java\development\maven\Repository\jakarta\xml\bind\jakarta.xml.bind-api\2.3.3\jakarta.xml.bind-api-2.3.3.jar;D:\sort\java\development\maven\Repository\jakarta\activation\jakarta.activation-api\1.2.2\jakarta.activation-api-1.2.2.jar;D:\sort\java\development\maven\Repository\org\assertj\assertj-core\3.19.0\assertj-core-3.19.0.jar;D:\sort\java\development\maven\Repository\org\hamcrest\hamcrest\2.2\hamcrest-2.2.jar;D:\sort\java\development\maven\Repository\org\junit\jupiter\junit-jupiter\5.7.2\junit-jupiter-5.7.2.jar;D:\sort\java\development\maven\Repository\org\junit\jupiter\junit-jupiter-api\5.7.2\junit-jupiter-api-5.7.2.jar;D:\sort\java\development\maven\Repository\org\apiguardian\apiguardian-api\1.1.0\apiguardian-api-1.1.0.jar;D:\sort\java\development\maven\Repository\org\opentest4j\opentest4j\1.2.0\opentest4j-1.2.0.jar;D:\sort\java\development\maven\Repository\org\junit\platform\junit-platform-commons\1.7.2\junit-platform-commons-1.7.2.jar;D:\sort\java\development\maven\Repository\org\junit\jupiter\junit-jupiter-params\5.7.2\junit-jupiter-params-5.7.2.jar;D:\sort\java\development\maven\Repository\org\junit\jupiter\junit-jupiter-engine\5.7.2\junit-jupiter-engine-5.7.2.jar;D:\sort\java\development\maven\Repository\org\junit\platform\junit-platform-engine\1.7.2\junit-platform-engine-1.7.2.jar;D:\sort\java\development\maven\Repository\org\mockito\mockito-core\3.9.0\mockito-core-3.9.0.jar;D:\sort\java\development\maven\Repository\net\bytebuddy\byte-buddy\1.10.22\byte-buddy-1.10.22.jar;D:\sort\java\development\maven\Repository\net\bytebuddy\byte-buddy-agent\1.10.22\byte-buddy-agent-1.10.22.jar;D:\sort\java\development\maven\Repository\org\objenesis\objenesis\3.2\objenesis-3.2.jar;D:\sort\java\development\maven\Repository\org\mockito\mockito-junit-jupiter\3.9.0\mockito-junit-jupiter-3.9.0.jar;D:\sort\java\development\maven\Repository\org\skyscreamer\jsonassert\1.5.1\jsonassert-1.5.1.jar;D:\sort\java\development\maven\Repository\com\vaadin\external\google\android-json\0.0.20131108.vaadin1\android-json-0.0.20131108.vaadin1.jar;D:\sort\java\development\maven\Repository\org\springframework\spring-core\5.3.27\spring-core-5.3.27.jar;D:\sort\java\development\maven\Repository\org\springframework\spring-jcl\5.3.27\spring-jcl-5.3.27.jar;D:\sort\java\development\maven\Repository\org\springframework\spring-test\5.3.27\spring-test-5.3.27.jar;D:\sort\java\development\maven\Repository\org\xmlunit\xmlunit-core\2.8.4\xmlunit-core-2.8.4.jar;D:\sort\java\development\maven\Repository\com\squareup\okhttp3\okhttp\4.9.0\okhttp-4.9.0.jar;D:\sort\java\development\maven\Repository\com\squareup\okio\okio\2.8.0\okio-2.8.0.jar;D:\sort\java\development\maven\Repository\org\jetbrains\kotlin\kotlin-stdlib-common\1.5.32\kotlin-stdlib-common-1.5.32.jar;D:\sort\java\development\maven\Repository\org\jetbrains\kotlin\kotlin-stdlib\1.5.32\kotlin-stdlib-1.5.32.jar;D:\sort\java\development\maven\Repository\org\jetbrains\annotations\13.0\annotations-13.0.jar;"/>
    <property name="sun.cpu.endian" value="little"/>
    <property name="user.home" value="C:\Users\19659"/>
    <property name="user.language" value="zh"/>
    <property name="java.specification.vendor" value="Oracle Corporation"/>
    <property name="java.home" value="D:\sort\java\development\jdk\jre"/>
    <property name="basedir" value="D:\sort\java\code\minio"/>
    <property name="file.separator" value="\"/>
    <property name="line.separator" value="&#10;"/>
    <property name="java.vm.specification.vendor" value="Oracle Corporation"/>
    <property name="java.specification.name" value="Java Platform API Specification"/>
    <property name="java.awt.graphicsenv" value="sun.awt.Win32GraphicsEnvironment"/>
    <property name="surefire.real.class.path" value="C:\Users\19659\AppData\Local\Temp\surefire8676714610611364307\surefirebooter234542270208087295.jar"/>
    <property name="sun.boot.class.path" value="D:\sort\java\development\jdk\jre\lib\resources.jar;D:\sort\java\development\jdk\jre\lib\rt.jar;D:\sort\java\development\jdk\jre\lib\sunrsasign.jar;D:\sort\java\development\jdk\jre\lib\jsse.jar;D:\sort\java\development\jdk\jre\lib\jce.jar;D:\sort\java\development\jdk\jre\lib\charsets.jar;D:\sort\java\development\jdk\jre\lib\jfr.jar;D:\sort\java\development\jdk\jre\classes"/>
    <property name="user.script" value=""/>
    <property name="sun.management.compiler" value="HotSpot 64-Bit Tiered Compilers"/>
    <property name="java.runtime.version" value="1.8.0_202-b08"/>
    <property name="user.name" value="19659"/>
    <property name="path.separator" value=";"/>
    <property name="os.version" value="10.0"/>
    <property name="java.endorsed.dirs" value="D:\sort\java\development\jdk\jre\lib\endorsed"/>
    <property name="java.runtime.name" value="Java(TM) SE Runtime Environment"/>
    <property name="file.encoding" value="GBK"/>
    <property name="java.vm.name" value="Java HotSpot(TM) 64-Bit Server VM"/>
    <property name="localRepository" value="D:\sort\java\development\maven\Repository"/>
    <property name="java.vendor.url.bug" value="http://bugreport.sun.com/bugreport/"/>
    <property name="java.io.tmpdir" value="C:\Users\19659\AppData\Local\Temp\"/>
    <property name="idea.version" value="2023.3.6"/>
    <property name="java.version" value="1.8.0_202"/>
    <property name="user.dir" value="D:\sort\java\code\minio"/>
    <property name="os.arch" value="amd64"/>
    <property name="java.vm.specification.name" value="Java Virtual Machine Specification"/>
    <property name="java.awt.printerjob" value="sun.awt.windows.WPrinterJob"/>
    <property name="sun.os.patch.level" value=""/>
    <property name="java.library.path" value="D:\sort\java\development\jdk\jre\bin;C:\Windows\Sun\Java\bin;C:\Windows\system32;C:\Windows;D:\sort\vmware\bin\;C:\Windows\system32;C:\Windows;C:\Windows\System32\Wbem;C:\Windows\System32\WindowsPowerShell\v1.0\;C:\Windows\System32\OpenSSH\;E:\sort\bandizip\;D:\sort\java\development\jdk\bin;D:\sort\java\development\git\Git\cmd;D:\sort\vscode\development\nodejs\;C:\Users\19659\AppData\Local\Microsoft\WindowsApps;;D:\sort\vscode\development\Microsoft VS Code\bin;C:\Users\19659\AppData\Roaming\npm;."/>
    <property name="java.vm.info" value="mixed mode"/>
    <property name="java.vendor" value="Oracle Corporation"/>
    <property name="java.vm.version" value="25.202-b08"/>
    <property name="java.ext.dirs" value="D:\sort\java\development\jdk\jre\lib\ext;C:\Windows\Sun\Java\lib\ext"/>
    <property name="sun.io.unicode.encoding" value="UnicodeLittle"/>
    <property name="maven.repo.local" value="D:\sort\java\development\maven\Repository"/>
    <property name="java.class.version" value="52.0"/>
  </properties>
  <testcase name="contextLoads" classname="com.minio.console.ConsoleApplicationTests" time="0.144"/>
</testsuite>